<?xml version="1.0" encoding="UTF-8"?>
<testng-results ignored="0" total="1" passed="1" failed="0" skipped="0">
  <reporter-output>
  </reporter-output>
  <suite started-at="2019-08-22T08:55:35Z" name="Default suite" finished-at="2019-08-22T08:55:43Z" duration-ms="8396">
    <groups>
    </groups>
    <test started-at="2019-08-22T08:55:35Z" name="Default test" finished-at="2019-08-22T08:55:43Z" duration-ms="8396">
      <class name="com.hcltech.ScreenShot_01">
        <test-method signature="f()[pri:0, instance:com.hcltech.ScreenShot_01@6a28ffa4]" started-at="2019-08-22T08:55:35Z" name="f" finished-at="2019-08-22T08:55:43Z" duration-ms="8364" status="PASS">
          <reporter-output>
          </reporter-output>
        </test-method> <!-- f -->
      </class> <!-- com.hcltech.ScreenShot_01 -->
    </test> <!-- Default test -->
  </suite> <!-- Default suite -->
</testng-results>
